node:events:492
      throw er; // Unhandled 'error' event
      ^

Error: listen EADDRINUSE: address already in use :::3002
    at Server.setupListenHandle [as _listen2] (node:net:1872:16)
    at listenInCluster (node:net:1920:12)
    at Server.listen (node:net:2008:7)
    at Function.listen (/home/antiq/clientPackage/antiq-scraper/node_modules/express/lib/application.js:635:24)
    at file:///home/antiq/clientPackage/antiq-scraper/js_bin/dataApi.js:119:5
    at ModuleJob.run (node:internal/modules/esm/module_job:217:25)
    at async ModuleLoader.import (node:internal/modules/esm/loader:316:24)
    at async loadESM (node:internal/process/esm_loader:34:7)
    at async handleMainPromise (node:internal/modules/run_main:66:12)
Emitted 'error' event on Server instance at:
    at emitErrorNT (node:net:1899:8)
    at process.processTicksAndRejections (node:internal/process/task_queues:82:21) {
  code: 'EADDRINUSE',
  errno: -98,
  syscall: 'listen',
  address: '::',
  port: 3002
}

Node.js v20.9.0
